1676885191673	geckodriver	INFO	Listening on 127.0.0.1:63477
1677058411721	geckodriver	INFO	Listening on 127.0.0.1:56426
1677058414542	mozrunner::runner	INFO	Running command: "C:\\Program Files\\Mozilla Firefox\\firefox.exe" "--marionette" "--remote-debugging-port" "56427" "--remote-allow-hosts" "localhost" "-no-remote" "-profile" "C:\\Users\\rverma3\\AppData\\Local\\Temp\\rust_mozprofilemYuFKx"
console.warn: services.settings: Ignoring preference override of remote settings server
console.warn: services.settings: Allow by setting MOZ_REMOTE_SETTINGS_DEVTOOLS=1 in the environment
1677058414968	Marionette	INFO	Marionette enabled
Dynamically enable window occlusion 0
1677058414972	Marionette	INFO	Listening on port 56436
Read port: 56436
WebDriver BiDi listening on ws://127.0.0.1:56427
1677058415188	RemoteAgent	WARN	TLS certificate errors will be ignored for this session
console.warn: SearchSettings: "get: No settings file exists, new profile?" (new NotFoundError("Could not open the file at C:\\Users\\rverma3\\AppData\\Local\\Temp\\rust_mozprofilemYuFKx\\search.json.mozlz4", (void 0)))
DevTools listening on ws://127.0.0.1:56427/devtools/browser/1447a9a4-16e7-4adc-a9aa-17311d164401
JavaScript warning: https://static.xx.fbcdn.net/rsrc.php/v3iX3c4/yI/l/en_GB/k0A2InRiily.js?_nc_x=Ij3Wp8lg5Kz, line 21: WEBGL_debug_renderer_info is deprecated in Firefox and will be removed. Please use RENDERER.
1677058420954	Marionette	INFO	Stopped listening on port 56436
Dynamically enable window occlusion 1
1677480654399	geckodriver	INFO	Listening on 127.0.0.1:64094
1677480657632	mozrunner::runner	INFO	Running command: "C:\\Program Files\\Mozilla Firefox\\firefox.exe" "--marionette" "--remote-debugging-port" "64095" "--remote-allow-hosts" "localhost" "-no-remote" "-profile" "C:\\Users\\rverma3\\AppData\\Local\\Temp\\rust_mozprofileX6NEQ4"
console.warn: services.settings: Ignoring preference override of remote settings server
console.warn: services.settings: Allow by setting MOZ_REMOTE_SETTINGS_DEVTOOLS=1 in the environment
1677480659462	Marionette	INFO	Marionette enabled
Dynamically enable window occlusion 0
1677480659479	Marionette	INFO	Listening on port 64125
Read port: 64125
WebDriver BiDi listening on ws://127.0.0.1:64095
1677480660055	RemoteAgent	WARN	TLS certificate errors will be ignored for this session
console.warn: SearchSettings: "get: No settings file exists, new profile?" (new NotFoundError("Could not open the file at C:\\Users\\rverma3\\AppData\\Local\\Temp\\rust_mozprofileX6NEQ4\\search.json.mozlz4", (void 0)))
DevTools listening on ws://127.0.0.1:64095/devtools/browser/df7ab4cf-f609-475b-866d-d7b544d22f32
console.error: Region.sys.mjs: "Error fetching region" (new Error("TIMEOUT", "resource://gre/modules/Region.sys.mjs", 764))
console.error: Region.sys.mjs: "Failed to fetch region" (new Error("TIMEOUT", "resource://gre/modules/Region.sys.mjs", 416))
1677480669746	Marionette	WARN	Ignoring event 'pageshow' because document has an invalid readyState of 'uninitialized'.
1677480670092	Marionette	INFO	Stopped listening on port 64125
Dynamically enable window occlusion 1
console.error: services.settings: 
  main/query-stripping Signature failed  TypeError: NetworkError: Network request failed
console.error: Policies.jsm: 
  Download failed - ERROR_NETWORK_FAILURE - https://cdn.walkme.com/extension/Walkme_Extension.xpi
console.error: (new NetworkError("Network error: TypeError: NetworkError: Network request failed", "resource://services-settings/RemoteSettingsClient.jsm", 116))
WARNING: A blocker encountered an error while we were waiting.
          Blocker:  TelemetryController: shutting down
          Phase: profile-before-change-telemetry
          State: Error getting state: Error: Phase "profile-before-change" is finished, it is too late to register completion condition "OS.File: flush I/O queued before profileBeforeChange" at addBlocker@resource://gre/modules/AsyncShutdown.sys.mjs:727:15
addBlocker@resource://gre/modules/AsyncShutdown.sys.mjs:523:26
addBlocker@resource://gre/modules/AsyncShutdown.sys.mjs:458:15
setupShutdown@resource://gre/modules/osfile/osfile_async_front.jsm:1548:28
@resource://gre/modules/osfile/osfile_async_front.jsm:1568:16
@resource://gre/modules/osfile.jsm:12:30
@resource://gre/modules/TelemetryStorage.sys.mjs:10:28
_checkPendingPings@resource://gre/modules/TelemetrySend.sys.mjs:863:17
setup@resource://gre/modules/TelemetrySend.sys.mjs:803:18
setup@resource://gre/modules/TelemetrySend.sys.mjs:241:30
setupTelemetry/this._delayedInitTask<@resource://gre/modules/TelemetryControllerParent.sys.mjs:829:36
observe@resource://gre/modules/AsyncShutdown.sys.mjs:576:16

WARNING: Error: Phase "profile-before-change" is finished, it is too late to register completion condition "OS.File: flush I/O queued before profileBeforeChange"
WARNING: addBlocker@resource://gre/modules/AsyncShutdown.sys.mjs:727:15
addBlocker@resource://gre/modules/AsyncShutdown.sys.mjs:523:26
addBlocker@resource://gre/modules/AsyncShutdown.sys.mjs:458:15
setupShutdown@resource://gre/modules/osfile/osfile_async_front.jsm:1548:28
@resource://gre/modules/osfile/osfile_async_front.jsm:1568:16
@resource://gre/modules/osfile.jsm:12:30
@resource://gre/modules/TelemetryStorage.sys.mjs:10:28
_checkPendingPings@resource://gre/modules/TelemetrySend.sys.mjs:863:17
setup@resource://gre/modules/TelemetrySend.sys.mjs:803:18
setup@resource://gre/modules/TelemetrySend.sys.mjs:241:30
setupTelemetry/this._delayedInitTask<@resource://gre/modules/TelemetryControllerParent.sys.mjs:829:36
observe@resource://gre/modules/AsyncShutdown.sys.mjs:576:16

JavaScript error: resource://gre/modules/AsyncShutdown.sys.mjs, line 727: Error: Phase "profile-before-change" is finished, it is too late to register completion condition "OS.File: flush I/O queued before profileBeforeChange"
JavaScript error: resource://gre/modules/AsyncShutdown.sys.mjs, line 727: Error: Phase "profile-before-change" is finished, it is too late to register completion condition "OS.File: flush I/O queued before profileBeforeChange"
JavaScript error: resource://gre/modules/AsyncShutdown.sys.mjs, line 727: Error: Phase "profile-before-change" is finished, it is too late to register completion condition "OS.File: flush I/O queued before profileBeforeChange"
1682147278151	geckodriver	INFO	Listening on 127.0.0.1:55467
1682147281214	mozrunner::runner	INFO	Running command: "C:\\Program Files\\Mozilla Firefox\\firefox.exe" "--marionette" "--remote-debugging-port" "55468" "--remote-allow-hosts" "localhost" "-no-remote" "-profile" "C:\\Users\\rverma3\\AppData\\Local\\Temp\\rust_mozprofile5YwLBZ"
console.warn: services.settings: Ignoring preference override of remote settings server
console.warn: services.settings: Allow by setting MOZ_REMOTE_SETTINGS_DEVTOOLS=1 in the environment
1682147282619	Marionette	INFO	Marionette enabled
Dynamically enable window occlusion 0
1682147282628	Marionette	INFO	Listening on port 55478
Read port: 55478
WebDriver BiDi listening on ws://127.0.0.1:55468
1682147283028	RemoteAgent	WARN	TLS certificate errors will be ignored for this session
console.warn: SearchSettings: "get: No settings file exists, new profile?" (new NotFoundError("Could not open the file at C:\\Users\\rverma3\\AppData\\Local\\Temp\\rust_mozprofile5YwLBZ\\search.json.mozlz4", (void 0)))
[ERROR glean_core] Error setting metrics feature config: Json(Error("EOF while parsing a value", line: 1, column: 0))
DevTools listening on ws://127.0.0.1:55468/devtools/browser/279ef7fd-6975-4711-9bf1-4094d934be5c
JavaScript error: moz-extension://20767bcd-74b7-474d-82ff-6da47edf89a3/contentTrackerLoader.js, line 18: TypeError: t is undefined
Extension error: TypeError: e is undefined moz-extension://20767bcd-74b7-474d-82ff-6da47edf89a3/extensions.js 1
[[Exception stack
getCurrentTab/</<@moz-extension://20767bcd-74b7-474d-82ff-6da47edf89a3/extensions.js:1:48200
Current stack
applySafeWithoutClone@resource://gre/modules/ExtensionCommon.jsm:707:41
wrapPromise/</<@resource://gre/modules/ExtensionCommon.jsm:929:20
withLastError@resource://gre/modules/ExtensionCommon.jsm:848:14
wrapPromise/<@resource://gre/modules/ExtensionCommon.jsm:917:16
]]
1682147308352	Marionette	INFO	Stopped listening on port 55478
Dynamically enable window occlusion 1
