1677733030038	geckodriver	INFO	Listening on 127.0.0.1:63209
1677733033123	mozrunner::runner	INFO	Running command: "C:\\Program Files\\Mozilla Firefox\\firefox.exe" "--marionette" "--remote-debugging-port" "63210" "--remote-allow-hosts" "localhost" "-no-remote" "-profile" "C:\\Users\\rverma3\\AppData\\Local\\Temp\\rust_mozprofile91CFA0"
console.warn: services.settings: Ignoring preference override of remote settings server
console.warn: services.settings: Allow by setting MOZ_REMOTE_SETTINGS_DEVTOOLS=1 in the environment
1677733034218	Marionette	INFO	Marionette enabled
Dynamically enable window occlusion 0
1677733034226	Marionette	INFO	Listening on port 63222
Read port: 63222
WebDriver BiDi listening on ws://127.0.0.1:63210
1677733034461	RemoteAgent	WARN	TLS certificate errors will be ignored for this session
console.warn: SearchSettings: "get: No settings file exists, new profile?" (new NotFoundError("Could not open the file at C:\\Users\\rverma3\\AppData\\Local\\Temp\\rust_mozprofile91CFA0\\search.json.mozlz4", (void 0)))
DevTools listening on ws://127.0.0.1:63210/devtools/browser/d4182c78-6b37-4989-9e2b-1e26453e64e2
1677733038418	Marionette	WARN	Ignoring event 'pageshow' because document has an invalid readyState of 'uninitialized'.
1677733082655	Marionette	INFO	Stopped listening on port 63221677733084366	mozrunner::runner	INFO	Running command: "C:\\Program Files\\Mozilla Firefox\\firefox.exe" "--marionette" "--remote-debugging-port" "63339" "--remote-allow-hosts" "localhost" "-no-remote" "-profile" "C:\\Users\\rverma3\\AppData\\Local\\Temp\\rust_mozprofilegT5F43"
console.warn: services.settings: Ignoring preference override of remote settings server
console.warn: services.settings: Allow by setting MOZ_REMOTE_SETTINGS_DEVTOOLS=1 in the environment
1677733085075	Marionette	INFO	Marionette enabled
Dynamically enable window occlusion 0
1677733085080	Marionette	INFO	Listening on port 63350
Read port: 63350
WebDriver BiDi listening on ws://127.0.0.1:63339
1677733085275	RemoteAgent	WARN	TLS certificate errors will be ignored for this session
console.warn: SearchSettings: "get: No settings file exists, new profile?" (new NotFoundError("Could not open the file at C:\\Users\\rverma3\\AppData\\Local\\Temp\\rust_mozprofilegT5F43\\search.json.mozlz4", (void 0)))
DevTools listening on ws://127.0.0.1:63339/devtools/browser/030b51b0-d3e6-42ee-be32-91279bea493c
1677733088870	Marionette	WARN	Ignoring event 'pageshow' because document has an invalid readyState of 'uninitialized'.
JavaScript warning: https://www.amazon.com/ line 1891 > injectedScript, line 1: WEBGL_debug_renderer_info is deprecated in Firefox and will be removed. Please use RENDERER.
JavaScript error: moz-extension://994e0823-4ca4-4555-85d6-a601716a8e45/contentTrackerLoader.js, line 18: TypeError: t is undefined
JavaScript error: , line 0: TypeError: NetworkError when attempting to fetch resource.
JavaScript error: , line 0: TypeError: NetworkError when attempting to fetch resource.
JavaScript warning: https://www.amazon.com/s?k=home&i=garden&rh=n%3A1055398%2Cp_36%3A-5000&dc&language=en_US&_encoding=UTF8&crid=3GB8M9T62Z3SV&pd_rd_r=a7614034-1213-4dde-a894-8f7802133d0d&pd_rd_w=Y0Nwj&pd_rd_wg=slKEv&pf_rd_p=370eaa7b-5006-435b-b633-dfb03c4adcab&pf_rd_r=TX79RFZXZ5RJNGQ41EAS&qid=1655494902&rnid=386465011&sprefix=home+%2Caps%2C92&ref=pd_gw_unk line 7771 > injectedScript, line 1: WEBGL_debug_renderer_info is deprecated in Firefox and will be removed. Please use RENDERER.
JavaScript warning: https://www.amazon.com/ line 1891 > injectedScript, line 1: WEBGL_debug_renderer_info is deprecated in Firefox and will be removed. Please use RENDERER.
JavaScript error: moz-extension://994e0823-4ca4-4555-85d6-a601716a8e45/contentTrackerLoader.js, line 18: TypeError: t is undefined
JavaScript error: moz-extension://994e0823-4ca4-4555-85d6-a601716a8e45/contentTrackerLoader.js, line 18: TypeError: t is undefined
JavaScript warning: https://m.media-amazon.com/images/I/71nXQyUSj0L.js?AUIClients/FWCIMAssets, line 289: WEBGL_debug_renderer_info is deprecated in Firefox and will be removed. Please use RENDERER.
console.warn: "Async method failed in safeAsyncMethod" (new Error("Connection closed, pending request to server0.conn0.windowGlobal6442450971/layout25, type getGrids failed\n\nRequest stack:\nrequest@resource://devtools/shared/protocol/Front.js:300:14\ngenerateRequestMethods/</frontProto[name]@resource://devtools/shared/protocol/Front/FrontClassWithSpec.js:47:19\ngetAllGrids@resource://devtools/client/fronts/layout.js:173:17\nexports.safeAsyncMethod/<@resource://devtools/shared/async-utils.js:61:25\ngetGrids@resource://devtools/client/inspector/grids/grid-inspector.js:452:35\n", "resource://devtools/shared/protocol/Front.js", 106))
JavaScript error: moz-extension://994e0823-4ca4-4555-85d6-a601716a8e45/contentTrackerLoader.js, line 18: TypeError: t is undefined
console.error: "Unable to find target with innerWindowId:6442450969"
console.error: "Unable to find target with innerWindowId:6442450969"
console.error: "Unable to find target with innerWindowId:6442450969"
NetworkHelper.parseSecurityInfo threw an exception: Security state 0 has no known STATE_IS_* flags.
console.error: "Security state 0 has no known STATE_IS_* flags."
JavaScript warning: https://www.amazon.com/b/?_encoding=UTF8&node=16225006011&pf_rd_r=TX79RFZXZ5RJNGQ41EAS&pf_rd_p=f45920d2-503d-49e9-9acc-386645974fc6&pd_rd_r=a7614034-1213-4dde-a894-8f7802133d0d&pd_rd_w=3NAHL&pd_rd_wg=slKEv&ref_=pd_gw_unk line 4950 > injectedScript, line 1: WEBGL_debug_renderer_info is deprecated in Firefox and will be removed. Please use RENDERER.
console.warn: "Listener for event 'frame' did not return a promise."
console.warn: "Listener for event 'frame' did not return a promise."
console.warn: "Listener for event 'frame' did not return a promise."
console.warn: "Listener for event 'frame' did not return a promise."
JavaScript warning: https://m.media-amazon.com/images/I/71nXQyUSj0L.js?AUIClients/FWCIMAssets, line 289: WEBGL_debug_renderer_info is deprecated in Firefox and will be removed. Please use RENDERER.
JavaScript error: , line 0: NotFoundError: No such JSWindowActor 'DevToolsFrame'
JavaScript error: , line 0: NotFoundError: No such JSWindowActor 'DevToolsFrame'
JavaScript error: , line 0: NotFoundError: No such JSWindowActor 'DevToolsFrame'
1677739155325	Marionette	INFO	Stopped listening on port 63350
Dynamically enable window occlusion 1
!!! error running onStopped callback: TypeError: callback is not a function
"--remote-debugging-port" "49902" "--remote-allow-hosts" "localhost" "-no-remote" "-profile" "C:\\Users\\rverma3\\AppData\\Local\\Temp\\rust_mozprofileBt4zCy"
console.warn: services.settings: Ignoring preference override of remote settings server
console.warn: services.settings: Allow by setting MOZ_REMOTE_SETTINGS_DEVTOOLS=1 in the environment
1677739138890	Marionette	INFO	Marionette enabled
Dynamically enable window occlusion 0
1677739138897	Marionette	INFO	Listening on port 49913
Read port: 49913
WebDriver BiDi listening on ws://127.0.0.1:49902
1677739139144	RemoteAgent	WARN	TLS certificate errors will be ignored for this session
console.warn: SearchSettings: "get: No settings file exists, new profile?" (new NotFoundError("Could not open the file at C:\\Users\\rverma3\\AppData\\Local\\Temp\\rust_mozprofileBt4zCy\\search.json.mozlz4", (void 0)))
DevTools listening on ws://127.0.0.1:49902/devtools/browser/59c7c637-8cc6-4b8f-9ef3-8e576aafc940
console.error: (new TypeError("NetworkError: Network request failed", "resource://services-settings/Utils.jsm", 237))
1677739142803	Marionette	WARN	Ignoring event 'pageshow' because document has an invalid readyState of 'uninitialized'.
console.error: Region.sys.mjs: "Error fetching region" (new Error("TIMEOUT", "resource://gre/modules/Region.sys.mjs", 764))
console.error: Region.sys.mjs: "Failed to fetch region" (new Error("TIMEOUT", "resource://gre/modules/Region.sys.mjs", 416))
JavaScript warning: https://www.amazon.com/ line 7 > injectedScript, line 1: WEBGL_debug_renderer_info is deprecated in Firefox and will be removed. Please use RENDERER.
JavaScript error: moz-extension://2ea1be94-f740-40f0-9c87-62fa856a8e56/contentTrackerLoader.js, line 18: TypeError: t is undefined
1677739174526	Marionette	INFO	Stopped listening on port 49913
Dynamically enable window occlusion 1
WARNING: A blocker encountered an error while we were waiting.
          Blocker:  TelemetryController: shutting down
          Phase: profile-before-change-telemetry
          State: Error getting state: Error: Phase "profile-before-change" is finished, it is too late to register completion condition "OS.File: flush I/O queued before profileBeforeChange" at addBlocker@resource://gre/modules/AsyncShutdown.sys.mjs:727:15
addBlocker@resource://gre/modules/AsyncShutdown.sys.mjs:523:26
addBlocker@resource://gre/modules/AsyncShutdown.sys.mjs:458:15
setupShutdown@resource://gre/modules/osfile/osfile_async_front.jsm:1548:28
@resource://gre/modules/osfile/osfile_async_front.jsm:1568:16
@resource://gre/modules/osfile.jsm:12:30
@resource://gre/modules/TelemetryStorage.sys.mjs:10:28
_checkPendingPings@resource://gre/modules/TelemetrySend.sys.mjs:863:17
setup@resource://gre/modules/TelemetrySend.sys.mjs:803:18
setup@resource://gre/modules/TelemetrySend.sys.mjs:241:30
setupTelemetry/this._delayedInitTask<@resource://gre/modules/TelemetryControllerParent.sys.mjs:829:36
observe@resource://gre/modules/AsyncShutdown.sys.mjs:576:16

WARNING: Error: Phase "profile-before-change" is finished, it is too late to register completion condition "OS.File: flush I/O queued before profileBeforeChange"
WARNING: addBlocker@resource://gre/modules/AsyncShutdown.sys.mjs:727:15
addBlocker@resource://gre/modules/AsyncShutdown.sys.mjs:523:26
addBlocker@resource://gre/modules/AsyncShutdown.sys.mjs:458:15
setupShutdown@resource://gre/modules/osfile/osfile_async_front.jsm:1548:28
@resource://gre/modules/osfile/osfile_async_front.jsm:1568:16
@resource://gre/modules/osfile.jsm:12:30
@resource://gre/modules/TelemetryStorage.sys.mjs:10:28
_checkPendingPings@resource://gre/modules/TelemetrySend.sys.mjs:863:17
setup@resource://gre/modules/TelemetrySend.sys.mjs:803:18
setup@resource://gre/modules/TelemetrySend.sys.mjs:241:30
setupTelemetry/this._delayedInitTask<@resource://gre/modules/TelemetryControllerParent.sys.mjs:829:36
observe@resource://gre/modules/AsyncShutdown.sys.mjs:576:16

JavaScript error: resource://gre/modules/AsyncShutdown.sys.mjs, line 727: Error: Phase "profile-before-change" is finished, it is too late to register completion condition "OS.File: flush I/O queued before profileBeforeChange"
JavaScript error: resource://gre/modules/AsyncShutdown.sys.mjs, line 727: Error: Phase "profile-before-change" is finished, it is too late to register completion condition "OS.File: flush I/O queued before profileBeforeChange"
JavaScript error: resource://gre/modules/AsyncShutdown.sys.mjs, line 727: Error: Phase "profile-before-change" is finished, it is too late to register completion condition "OS.File: flush I/O queued before profileBeforeChange"
1677739179870	geckodriver	INFO	Listening on 127.0.0.1:56864
1677739182833	mozrunner::runner	INFO	Running command: "C:\\Program Files\\Mozilla Firefox\\firefox.exe" "--marionette" "--remote-debugging-port" "56865" "--remote-allow-hosts" "localhost" "-no-remote" "-profile" "C:\\Users\\rverma3\\AppData\\Local\\Temp\\rust_mozprofile45rwfn"
console.warn: services.settings: Ignoring preference override of remote settings server
console.warn: services.settings: Allow by setting MOZ_REMOTE_SETTINGS_DEVTOOLS=1 in the environment
1677739183280	Marionette	INFO	Marionette enabled
Dynamically enable window occlusion 0
1677739183284	Marionette	INFO	Listening on port 56874
Read port: 56874
WebDriver BiDi listening on ws://127.0.0.1:56865
1677739183523	RemoteAgent	WARN	TLS certificate errors will be ignored for this session
console.warn: SearchSettings: "get: No settings file exists, new profile?" (new NotFoundError("Could not open the file at C:\\Users\\rverma3\\AppData\\Local\\Temp\\rust_mozprofile45rwfn\\search.json.mozlz4", (void 0)))
DevTools listening on ws://127.0.0.1:56865/devtools/browser/328011ee-2cf5-454f-937c-a3f2cca91b5a
JavaScript warning: https://www.amazon.com/ line 1883 > injectedScript, line 1: WEBGL_debug_renderer_info is deprecated in Firefox and will be removed. Please use RENDERER.
1677739558015	Marionette	INFO	Stopped listening on port 56874
Dynamically enable window occlusion 1
ng command: "C:\\Program Files\\Mozilla Firefox\\firefox.exe" "--marionette" "--remote-debugging-port" "53863" "--remote-allow-hosts" "localhost" "-no-remote" "-profile" "C:\\Users\\rverma3\\AppData\\Local\\Temp\\rust_mozprofilewL0jgu"
console.warn: services.settings: Ignoring preference override of remote settings server
console.warn: services.settings: Allow by setting MOZ_REMOTE_SETTINGS_DEVTOOLS=1 in the environment
1677739464051	Marionette	INFO	Marionette enabled
Dynamically enable window occlusion 0
1677739464058	Marionette	INFO	Listening on port 53876
Read port: 53876
WebDriver BiDi listening on ws://127.0.0.1:53863
1677739464289	RemoteAgent	WARN	TLS certificate errors will be ignored for this session
console.warn: SearchSettings: "get: No settings file exists, new profile?" (new NotFoundError("Could not open the file at C:\\Users\\rverma3\\AppData\\Local\\Temp\\rust_mozprofilewL0jgu\\search.json.mozlz4", (void 0)))
DevTools listening on ws://127.0.0.1:53863/devtools/browser/7b7d8b12-dc4b-4156-afcf-07dba7a483a4
JavaScript warning: https://www.amazon.com/ line 7 > injectedScript, line 1: WEBGL_debug_renderer_info is deprecated in Firefox and will be removed. Please use RENDERER.
1677739559182	Marionette	INFO	Stopped listening on port 53876
Dynamically enable window occlusion 1
1677739709591	geckodriver	INFO	Listening on 127.0.0.1:55846
1677739712547	mozrunner::runner	INFO	Running command: "C:\\Program Files\\Mozilla Firefox\\firefox.exe" "--marionette" "--remote-debugging-port" "55847" "--remote-allow-hosts" "localhost" "-no-remote" "-profile" "C:\\Users\\rverma3\\AppData\\Local\\Temp\\rust_mozprofilePT6DKa"
console.warn: services.settings: Ignoring preference override of remote settings server
console.warn: services.settings: Allow by setting MOZ_REMOTE_SETTINGS_DEVTOOLS=1 in the environment
1677739713158	Marionette	INFO	Marionette enabled
Dynamically enable window occlusion 0
1677739713163	Marionette	INFO	Listening on port 55858
Read port: 55858
WebDriver BiDi listening on ws://127.0.0.1:55847
1677739713362	RemoteAgent	WARN	TLS certificate errors will be ignored for this session
console.warn: SearchSettings: "get: No settings file exists, new profile?" (new NotFoundError("Could not open the file at C:\\Users\\rverma3\\AppData\\Local\\Temp\\rust_mozprofilePT6DKa\\search.json.mozlz4", (void 0)))
DevTools listening on ws://127.0.0.1:55847/devtools/browser/31c16dbb-8f02-4020-975b-c8ac8363ac4e
console.error: (new TypeError("NetworkError: Network request failed", "resource://services-settings/Utils.jsm", 237))
1677739716961	Marionette	WARN	Ignoring event 'pageshow' because document has an invalid readyState of 'uninitialized'.
console.error: Region.sys.mjs: "Error fetching region" (new Error("TIMEOUT", "resource://gre/modules/Region.sys.mjs", 764))
console.error: Region.sys.mjs: "Failed to fetch region" (new Error("TIMEOUT", "resource://gre/modules/Region.sys.mjs", 416))
1677739737201	Marionette	INFO	Stopped listening on port 55858
Dynamically enable window occlusion 1
WARNING: A blocker encountered an error while we were waiting.
          Blocker:  TelemetryController: shutting down
          Phase: profile-before-change-telemetry
          State: Error getting state: Error: Phase "profile-before-change" is finished, it is too late to register completion condition "OS.File: flush I/O queued before profileBeforeChange" at addBlocker@resource://gre/modules/AsyncShutdown.sys.mjs:727:15
addBlocker@resource://gre/modules/AsyncShutdown.sys.mjs:523:26
addBlocker@resource://gre/modules/AsyncShutdown.sys.mjs:458:15
setupShutdown@resource://gre/modules/osfile/osfile_async_front.jsm:1548:28
@resource://gre/modules/osfile/osfile_async_front.jsm:1568:16
@resource://gre/modules/osfile.jsm:12:30
@resource://gre/modules/TelemetryStorage.sys.mjs:10:28
_checkPendingPings@resource://gre/modules/TelemetrySend.sys.mjs:863:17
setup@resource://gre/modules/TelemetrySend.sys.mjs:803:18
setup@resource://gre/modules/TelemetrySend.sys.mjs:241:30
setupTelemetry/this._delayedInitTask<@resource://gre/modules/TelemetryControllerParent.sys.mjs:829:36
observe@resource://gre/modules/AsyncShutdown.sys.mjs:576:16

WARNING: Error: Phase "profile-before-change" is finished, it is too late to register completion condition "OS.File: flush I/O queued before profileBeforeChange"
WARNING: addBlocker@resource://gre/modules/AsyncShutdown.sys.mjs:727:15
addBlocker@resource://gre/modules/AsyncShutdown.sys.mjs:523:26
addBlocker@resource://gre/modules/AsyncShutdown.sys.mjs:458:15
setupShutdown@resource://gre/modules/osfile/osfile_async_front.jsm:1548:28
@resource://gre/modules/osfile/osfile_async_front.jsm:1568:16
@resource://gre/modules/osfile.jsm:12:30
@resource://gre/modules/TelemetryStorage.sys.mjs:10:28
_checkPendingPings@resource://gre/modules/TelemetrySend.sys.mjs:863:17
setup@resource://gre/modules/TelemetrySend.sys.mjs:803:18
setup@resource://gre/modules/TelemetrySend.sys.mjs:241:30
setupTelemetry/this._delayedInitTask<@resource://gre/modules/TelemetryControllerParent.sys.mjs:829:36
observe@resource://gre/modules/AsyncShutdown.sys.mjs:576:16

JavaScript error: resource://gre/modules/AsyncShutdown.sys.mjs, line 727: Error: Phase "profile-before-change" is finished, it is too late to register completion condition "OS.File: flush I/O queued before profileBeforeChange"
JavaScript error: resource://gre/modules/AsyncShutdown.sys.mjs, line 727: Error: Phase "profile-before-change" is finished, it is too late to register completion condition "OS.File: flush I/O queued before profileBeforeChange"
JavaScript error: resource://gre/modules/AsyncShutdown.sys.mjs, line 727: Error: Phase "profile-before-change" is finished, it is too late to register completion condition "OS.File: flush I/O queued before profileBeforeChange"
1677739743626	geckodriver	INFO	Listening on 127.0.0.1:61526
1677739746695	mozrunner::runner	INFO	Running command: "C:\\Program Files\\Mozilla Firefox\\firefox.exe" "--marionette" "--remote-debugging-port" "61527" "--remote-allow-hosts" "localhost" "-no-remote" "-profile" "C:\\Users\\rverma3\\AppData\\Local\\Temp\\rust_mozprofile5dDQuy"
console.warn: services.settings: Ignoring preference override of remote settings server
console.warn: services.settings: Allow by setting MOZ_REMOTE_SETTINGS_DEVTOOLS=1 in the environment
1677739747170	Marionette	INFO	Marionette enabled
Dynamically enable window occlusion 0
1677739747175	Marionette	INFO	Listening on port 61537
Read port: 61537
WebDriver BiDi listening on ws://127.0.0.1:61527
1677739747396	RemoteAgent	WARN	TLS certificate errors will be ignored for this session
console.warn: SearchSettings: "get: No settings file exists, new profile?" (new NotFoundError("Could not open the file at C:\\Users\\rverma3\\AppData\\Local\\Temp\\rust_mozprofile5dDQuy\\search.json.mozlz4", (void 0)))
DevTools listening on ws://127.0.0.1:61527/devtools/browser/a4343d54-9b6b-4a2c-b4a0-5d5dceb9fb5d
1677739750901	Marionette	WARN	Ignoring event 'pageshow' because document has an invalid readyState of 'uninitialized'.
JavaScript error: moz-extension://6f884bf0-cec0-4704-92c3-f5905e5db030/contentTrackerLoader.js, line 18: TypeError: t is undefined
console.warn: services.settings: Ignoring preference override of remote settings server
console.warn: services.settings: Allow by setting MOZ_REMOTE_SETTINGS_DEVTOOLS=1 in the environment
console.error: (new TypeError("lazy.AsyncShutdown.profileBeforeChange is undefined", "resource://services-settings/Database.jsm", 603))
JavaScript error: moz-extension://6f884bf0-cec0-4704-92c3-f5905e5db030/contentTrackerLoader.js, line 18: TypeError: t is undefined
JavaScript error: moz-extension://6f884bf0-cec0-4704-92c3-f5905e5db030/contentTrackerLoader.js, line 18: TypeError: t is undefined
SourceActor threw an exception: [Exception... "Failed to open input source 'resource://gre/modules/ExtensionContent.jsm'"  nsresult: "0x805303f4 (<unknown>)"  location: "JS frame :: resource://devtools/shared/DevToolsUtils.js :: mainThreadFetch/< :: line 663"  data: yes]
Stack: mainThreadFetch/<@resource://devtools/shared/DevToolsUtils.js:663:15
mainThreadFetch@resource://devtools/shared/DevToolsUtils.js:516:10
_fetchURLContents@resource://devtools/server/actors/utils/sources-manager.js:446:22
urlContents@resource://devtools/server/actors/utils/sources-manager.js:410:17
_resurrectSource@resource://devtools/server/actors/thread.js:2154:35
addAllSources@resource://devtools/server/actors/thread.js:1486:14
watch@resource://devtools/server/actors/resources/sources.js:78:17
watchResources@resource://devtools/server/actors/resources/index.js:308:19
addSessionDataEntry@resource://devtools/server/actors/targets/session-data-processors/resources.js:11:21
addSessionDataEntry@resource://devtools/server/actors/targets/target-actor-mixin.js:46:25
_addSessionDataEntry@resource://devtools/server/connectors/js-window-actor/DevToolsFrameChild.sys.mjs:530:24
receiveMessage@resource://devtools/server/connectors/js-window-actor/DevToolsFrameChild.sys.mjs:439:21
Line: 663, column: 0
console.error: ({})
SourceActor threw an exception: [Exception... "Failed to open input source 'moz-extension://6f884bf0-cec0-4704-92c3-f5905e5db030/config/config.js'"  nsresult: "0x805303f4 (<unknown>)"  location: "JS frame :: resource://devtools/shared/DevToolsUtils.js :: mainThreadFetch/< :: line 663"  data: yes]
Stack: mainThreadFetch/<@resource://devtools/shared/DevToolsUtils.js:663:15
mainThreadFetch@resource://devtools/shared/DevToolsUtils.js:516:10
_fetchURLContents@resource://devtools/server/actors/utils/sources-manager.js:446:22
urlContents@resource://devtools/server/actors/utils/sources-manager.js:410:17
_resurrectSource@resource://devtools/server/actors/thread.js:2154:35
addAllSources@resource://devtools/server/actors/thread.js:1486:14
watch@resource://devtools/server/actors/resources/sources.js:78:17
watchResources@resource://devtools/server/actors/resources/index.js:308:19
addSessionDataEntry@resource://devtools/server/actors/targets/session-data-processors/resources.js:11:21
addSessionDataEntry@resource://devtools/server/actors/targets/target-actor-mixin.js:46:25
_addSessionDataEntry@resource://devtools/server/connectors/js-window-actor/DevToolsFrameChild.sys.mjs:530:24
receiveMessage@resource://devtools/server/connectors/js-window-actor/DevToolsFrameChild.sys.mjs:439:21
Line: 663, column: 0
console.error: ({})
SourceActor threw an exception: [Exception... "Failed to open input source 'resource://gre/modules/ExtensionContent.jsm'"  nsresult: "0x805303f4 (<unknown>)"  location: "JS frame :: resource://devtools/shared/DevToolsUtils.js :: mainThreadFetch/< :: line 663"  data: yes]
Stack: mainThreadFetch/<@resource://devtools/shared/DevToolsUtils.js:663:15
mainThreadFetch@resource://devtools/shared/DevToolsUtils.js:516:10
_fetchURLContents@resource://devtools/server/actors/utils/sources-manager.js:446:22
urlContents@resource://devtools/server/actors/utils/sources-manager.js:410:17
_resurrectSource@resource://devtools/server/actors/thread.js:2154:35
addAllSources@resource://devtools/server/actors/thread.js:1486:14
watch@resource://devtools/server/actors/resources/sources.js:78:17
watchResources@resource://devtools/server/actors/resources/index.js:308:19
addSessionDataEntry@resource://devtools/server/actors/targets/session-data-processors/resources.js:11:21
addSessionDataEntry@resource://devtools/server/actors/targets/target-actor-mixin.js:46:25
_addSessionDataEntry@resource://devtools/server/connectors/js-window-actor/DevToolsFrameChild.sys.mjs:530:24
receiveMessage@resource://devtools/server/connectors/js-window-actor/DevToolsFrameChild.sys.mjs:439:21
Line: 663, column: 0
console.error: ({})
SourceActor threw an exception: [Exception... "Failed to open input source 'moz-extension://6f884bf0-cec0-4704-92c3-f5905e5db030/config/config.js'"  nsresult: "0x805303f4 (<unknown>)"  location: "JS frame :: resource://devtools/shared/DevToolsUtils.js :: mainThreadFetch/< :: line 663"  data: yes]
Stack: mainThreadFetch/<@resource://devtools/shared/DevToolsUtils.js:663:15
mainThreadFetch@resource://devtools/shared/DevToolsUtils.js:516:10
_fetchURLContents@resource://devtools/server/actors/utils/sources-manager.js:446:22
urlContents@resource://devtools/server/actors/utils/sources-manager.js:410:17
_resurrectSource@resource://devtools/server/actors/thread.js:2154:35
addAllSources@resource://devtools/server/actors/thread.js:1486:14
watch@resource://devtools/server/actors/resources/sources.js:78:17
watchResources@resource://devtools/server/actors/resources/index.js:308:19
addSessionDataEntry@resource://devtools/server/actors/targets/session-data-processors/resources.js:11:21
addSessionDataEntry@resource://devtools/server/actors/targets/target-actor-mixin.js:46:25
_addSessionDataEntry@resource://devtools/server/connectors/js-window-actor/DevToolsFrameChild.sys.mjs:530:24
receiveMessage@resource://devtools/server/connectors/js-window-actor/DevToolsFrameChild.sys.mjs:439:21
Line: 663, column: 0
console.error: ({})
SourceActor threw an exception: [Exception... "Failed to open input source 'resource://gre/modules/ExtensionContent.jsm'"  nsresult: "0x805303f4 (<unknown>)"  location: "JS frame :: resource://devtools/shared/DevToolsUtils.js :: mainThreadFetch/< :: line 663"  data: yes]
Stack: mainThreadFetch/<@resource://devtools/shared/DevToolsUtils.js:663:15
mainThreadFetch@resource://devtools/shared/DevToolsUtils.js:516:10
_fetchURLContents@resource://devtools/server/actors/utils/sources-manager.js:446:22
urlContents@resource://devtools/server/actors/utils/sources-manager.js:410:17
_resurrectSource@resource://devtools/server/actors/thread.js:2154:35
addAllSources@resource://devtools/server/actors/thread.js:1486:14
watch@resource://devtools/server/actors/resources/sources.js:78:17
watchResources@resource://devtools/server/actors/resources/index.js:308:19
addSessionDataEntry@resource://devtools/server/actors/targets/session-data-processors/resources.js:11:21
addSessionDataEntry@resource://devtools/server/actors/targets/target-actor-mixin.js:46:25
_addSessionDataEntry@resource://devtools/server/connectors/js-window-actor/DevToolsFrameChild.sys.mjs:530:24
receiveMessage@resource://devtools/server/connectors/js-window-actor/DevToolsFrameChild.sys.mjs:439:21
Line: 663, column: 0
console.error: ({})
SourceActor threw an exception: [Exception... "Failed to open input source 'moz-extension://6f884bf0-cec0-4704-92c3-f5905e5db030/config/config.js'"  nsresult: "0x805303f4 (<unknown>)"  location: "JS frame :: resource://devtools/shared/DevToolsUtils.js :: mainThreadFetch/< :: line 663"  data: yes]
Stack: mainThreadFetch/<@resource://devtools/shared/DevToolsUtils.js:663:15
mainThreadFetch@resource://devtools/shared/DevToolsUtils.js:516:10
_fetchURLContents@resource://devtools/server/actors/utils/sources-manager.js:446:22
urlContents@resource://devtools/server/actors/utils/sources-manager.js:410:17
_resurrectSource@resource://devtools/server/actors/thread.js:2154:35
addAllSources@resource://devtools/server/actors/thread.js:1486:14
watch@resource://devtools/server/actors/resources/sources.js:78:17
watchResources@resource://devtools/server/actors/resources/index.js:308:19
addSessionDataEntry@resource://devtools/server/actors/targets/session-data-processors/resources.js:11:21
addSessionDataEntry@resource://devtools/server/actors/targets/target-actor-mixin.js:46:25
_addSessionDataEntry@resource://devtools/server/connectors/js-window-actor/DevToolsFrameChild.sys.mjs:530:24
receiveMessage@resource://devtools/server/connectors/js-window-actor/DevToolsFrameChild.sys.mjs:439:21
Line: 663, column: 0
console.error: ({})
SourceActor threw an exception: [Exception... "Failed to open input source 'resource://gre/modules/ExtensionContent.jsm'"  nsresult: "0x805303f4 (<unknown>)"  location: "JS frame :: resource://devtools/shared/DevToolsUtils.js :: mainThreadFetch/< :: line 663"  data: yes]
Stack: mainThreadFetch/<@resource://devtools/shared/DevToolsUtils.js:663:15
mainThreadFetch@resource://devtools/shared/DevToolsUtils.js:516:10
_fetchURLContents@resource://devtools/server/actors/utils/sources-manager.js:446:22
urlContents@resource://devtools/server/actors/utils/sources-manager.js:410:17
_resurrectSource@resource://devtools/server/actors/thread.js:2154:35
addAllSources@resource://devtools/server/actors/thread.js:1486:14
watch@resource://devtools/server/actors/resources/sources.js:78:17
watchResources@resource://devtools/server/actors/resources/index.js:308:19
addSessionDataEntry@resource://devtools/server/actors/targets/session-data-processors/resources.js:11:21
addSessionDataEntry@resource://devtools/server/actors/targets/target-actor-mixin.js:46:25
_addSessionDataEntry@resource://devtools/server/connectors/js-window-actor/DevToolsFrameChild.sys.mjs:530:24
receiveMessage@resource://devtools/server/connectors/js-window-actor/DevToolsFrameChild.sys.mjs:439:21
Line: 663, column: 0
console.error: ({})
SourceActor threw an exception: [Exception... "Failed to open input source 'moz-extension://6f884bf0-cec0-4704-92c3-f5905e5db030/config/config.js'"  nsresult: "0x805303f4 (<unknown>)"  location: "JS frame :: resource://devtools/shared/DevToolsUtils.js :: mainThreadFetch/< :: line 663"  data: yes]
Stack: mainThreadFetch/<@resource://devtools/shared/DevToolsUtils.js:663:15
mainThreadFetch@resource://devtools/shared/DevToolsUtils.js:516:10
_fetchURLContents@resource://devtools/server/actors/utils/sources-manager.js:446:22
urlContents@resource://devtools/server/actors/utils/sources-manager.js:410:17
_resurrectSource@resource://devtools/server/actors/thread.js:2154:35
addAllSources@resource://devtools/server/actors/thread.js:1486:14
watch@resource://devtools/server/actors/resources/sources.js:78:17
watchResources@resource://devtools/server/actors/resources/index.js:308:19
addSessionDataEntry@resource://devtools/server/actors/targets/session-data-processors/resources.js:11:21
addSessionDataEntry@resource://devtools/server/actors/targets/target-actor-mixin.js:46:25
_addSessionDataEntry@resource://devtools/server/connectors/js-window-actor/DevToolsFrameChild.sys.mjs:530:24
receiveMessage@resource://devtools/server/connectors/js-window-actor/DevToolsFrameChild.sys.mjs:439:21
Line: 663, column: 0
console.error: ({})
SourceActor threw an exception: [Exception... "Failed to open input source 'resource://gre/modules/ExtensionContent.jsm'"  nsresult: "0x805303f4 (<unknown>)"  location: "JS frame :: resource://devtools/shared/DevToolsUtils.js :: mainThreadFetch/< :: line 663"  data: yes]
Stack: mainThreadFetch/<@resource://devtools/shared/DevToolsUtils.js:663:15
mainThreadFetch@resource://devtools/shared/DevToolsUtils.js:516:10
_fetchURLContents@resource://devtools/server/actors/utils/sources-manager.js:446:22
urlContents@resource://devtools/server/actors/utils/sources-manager.js:410:17
_resurrectSource@resource://devtools/server/actors/thread.js:2154:35
addAllSources@resource://devtools/server/actors/thread.js:1486:14
watch@resource://devtools/server/actors/resources/sources.js:78:17
watchResources@resource://devtools/server/actors/resources/index.js:308:19
addSessionDataEntry@resource://devtools/server/actors/targets/session-data-processors/resources.js:11:21
addSessionDataEntry@resource://devtools/server/actors/targets/target-actor-mixin.js:46:25
_addSessionDataEntry@resource://devtools/server/connectors/js-window-actor/DevToolsFrameChild.sys.mjs:530:24
receiveMessage@resource://devtools/server/connectors/js-window-actor/DevToolsFrameChild.sys.mjs:439:21
Line: 663, column: 0
console.error: ({})
SourceActor threw an exception: [Exception... "Failed to open input source 'moz-extension://6f884bf0-cec0-4704-92c3-f5905e5db030/config/config.js'"  nsresult: "0x805303f4 (<unknown>)"  location: "JS frame :: resource://devtools/shared/DevToolsUtils.js :: mainThreadFetch/< :: line 663"  data: yes]
Stack: mainThreadFetch/<@resource://devtools/shared/DevToolsUtils.js:663:15
mainThreadFetch@resource://devtools/shared/DevToolsUtils.js:516:10
_fetchURLContents@resource://devtools/server/actors/utils/sources-manager.js:446:22
urlContents@resource://devtools/server/actors/utils/sources-manager.js:410:17
_resurrectSource@resource://devtools/server/actors/thread.js:2154:35
addAllSources@resource://devtools/server/actors/thread.js:1486:14
watch@resource://devtools/server/actors/resources/sources.js:78:17
watchResources@resource://devtools/server/actors/resources/index.js:308:19
addSessionDataEntry@resource://devtools/server/actors/targets/session-data-processors/resources.js:11:21
addSessionDataEntry@resource://devtools/server/actors/targets/target-actor-mixin.js:46:25
_addSessionDataEntry@resource://devtools/server/connectors/js-window-actor/DevToolsFrameChild.sys.mjs:530:24
receiveMessage@resource://devtools/server/connectors/js-window-actor/DevToolsFrameChild.sys.mjs:439:21
Line: 663, column: 0
console.error: ({})
SourceActor threw an exception: [Exception... "Failed to open input source 'resource://gre/modules/ExtensionContent.jsm'"  nsresult: "0x805303f4 (<unknown>)"  location: "JS frame :: resource://devtools/shared/DevToolsUtils.js :: mainThreadFetch/< :: line 663"  data: yes]
Stack: mainThreadFetch/<@resource://devtools/shared/DevToolsUtils.js:663:15
mainThreadFetch@resource://devtools/shared/DevToolsUtils.js:516:10
_fetchURLContents@resource://devtools/server/actors/utils/sources-manager.js:446:22
urlContents@resource://devtools/server/actors/utils/sources-manager.js:410:17
_resurrectSource@resource://devtools/server/actors/thread.js:2154:35
addAllSources@resource://devtools/server/actors/thread.js:1486:14
watch@resource://devtools/server/actors/resources/sources.js:78:17
watchResources@resource://devtools/server/actors/resources/index.js:308:19
addSessionDataEntry@resource://devtools/server/actors/targets/session-data-processors/resources.js:11:21
addSessionDataEntry@resource://devtools/server/actors/targets/target-actor-mixin.js:46:25
_addSessionDataEntry@resource://devtools/server/connectors/js-window-actor/DevToolsFrameChild.sys.mjs:530:24
receiveMessage@resource://devtools/server/connectors/js-window-actor/DevToolsFrameChild.sys.mjs:439:21
Line: 663, column: 0
console.error: ({})
SourceActor threw an exception: [Exception... "Failed to open input source 'moz-extension://6f884bf0-cec0-4704-92c3-f5905e5db030/config/config.js'"  nsresult: "0x805303f4 (<unknown>)"  location: "JS frame :: resource://devtools/shared/DevToolsUtils.js :: mainThreadFetch/< :: line 663"  data: yes]
Stack: mainThreadFetch/<@resource://devtools/shared/DevToolsUtils.js:663:15
mainThreadFetch@resource://devtools/shared/DevToolsUtils.js:516:10
_fetchURLContents@resource://devtools/server/actors/utils/sources-manager.js:446:22
urlContents@resource://devtools/server/actors/utils/sources-manager.js:410:17
_resurrectSource@resource://devtools/server/actors/thread.js:2154:35
addAllSources@resource://devtools/server/actors/thread.js:1486:14
watch@resource://devtools/server/actors/resources/sources.js:78:17
watchResources@resource://devtools/server/actors/resources/index.js:308:19
addSessionDataEntry@resource://devtools/server/actors/targets/session-data-processors/resources.js:11:21
addSessionDataEntry@resource://devtools/server/actors/targets/target-actor-mixin.js:46:25
_addSessionDataEntry@resource://devtools/server/connectors/js-window-actor/DevToolsFrameChild.sys.mjs:530:24
receiveMessage@resource://devtools/server/connectors/js-window-actor/DevToolsFrameChild.sys.mjs:439:21
Line: 663, column: 0
console.error: ({})
JavaScript error: resource://devtools/shared/DevToolsUtils.js, line 663: Failed to open input source 'resource://gre/modules/ExtensionContent.jsm'
JavaScript error: resource://devtools/shared/DevToolsUtils.js, line 663: Failed to open input source 'moz-extension://6f884bf0-cec0-4704-92c3-f5905e5db030/config/config.js'
SourceActor threw an exception: [Exception... "Failed to open input source 'resource://gre/modules/ExtensionContent.jsm'"  nsresult: "0x805303f4 (<unknown>)"  location: "JS frame :: resource://devtools/shared/DevToolsUtils.js :: mainThreadFetch/< :: line 663"  data: yes]
Stack: mainThreadFetch/<@resource://devtools/shared/DevToolsUtils.js:663:15
mainThreadFetch@resource://devtools/shared/DevToolsUtils.js:516:10
_fetchURLContents@resource://devtools/server/actors/utils/sources-manager.js:446:22
urlContents@resource://devtools/server/actors/utils/sources-manager.js:410:17
_resurrectSource@resource://devtools/server/actors/thread.js:2154:35
addAllSources@resource://devtools/server/actors/thread.js:1486:14
watch@resource://devtools/server/actors/resources/sources.js:78:17
watchResources@resource://devtools/server/actors/resources/index.js:308:19
addSessionDataEntry@resource://devtools/server/actors/targets/session-data-processors/resources.js:11:21
addSessionDataEntry@resource://devtools/server/actors/targets/target-actor-mixin.js:46:25
_addSessionDataEntry@resource://devtools/server/connectors/js-window-actor/DevToolsFrameChild.sys.mjs:530:24
receiveMessage@resource://devtools/server/connectors/js-window-actor/DevToolsFrameChild.sys.mjs:439:21
Line: 663, column: 0
console.error: ({})
SourceActor threw an exception: [Exception... "Failed to open input source 'moz-extension://6f884bf0-cec0-4704-92c3-f5905e5db030/config/config.js'"  nsresult: "0x805303f4 (<unknown>)"  location: "JS frame :: resource://devtools/shared/DevToolsUtils.js :: mainThreadFetch/< :: line 663"  data: yes]
Stack: mainThreadFetch/<@resource://devtools/shared/DevToolsUtils.js:663:15
mainThreadFetch@resource://devtools/shared/DevToolsUtils.js:516:10
_fetchURLContents@resource://devtools/server/actors/utils/sources-manager.js:446:22
urlContents@resource://devtools/server/actors/utils/sources-manager.js:410:17
_resurrectSource@resource://devtools/server/actors/thread.js:2154:35
addAllSources@resource://devtools/server/actors/thread.js:1486:14
watch@resource://devtools/server/actors/resources/sources.js:78:17
watchResources@resource://devtools/server/actors/resources/index.js:308:19
addSessionDataEntry@resource://devtools/server/actors/targets/session-data-processors/resources.js:11:21
addSessionDataEntry@resource://devtools/server/actors/targets/target-actor-mixin.js:46:25
_addSessionDataEntry@resource://devtools/server/connectors/js-window-actor/DevToolsFrameChild.sys.mjs:530:24
receiveMessage@resource://devtools/server/connectors/js-window-actor/DevToolsFrameChild.sys.mjs:439:21
Line: 663, column: 0
console.error: ({})
SourceActor threw an exception: [Exception... "Failed to open input source 'resource://gre/modules/ExtensionContent.jsm'"  nsresult: "0x805303f4 (<unknown>)"  location: "JS frame :: resource://devtools/shared/DevToolsUtils.js :: mainThreadFetch/< :: line 663"  data: yes]
Stack: mainThreadFetch/<@resource://devtools/shared/DevToolsUtils.js:663:15
mainThreadFetch@resource://devtools/shared/DevToolsUtils.js:516:10
_fetchURLContents@resource://devtools/server/actors/utils/sources-manager.js:446:22
urlContents@resource://devtools/server/actors/utils/sources-manager.js:410:17
_resurrectSource@resource://devtools/server/actors/thread.js:2154:35
addAllSources@resource://devtools/server/actors/thread.js:1486:14
watch@resource://devtools/server/actors/resources/sources.js:78:17
watchResources@resource://devtools/server/actors/resources/index.js:308:19
addSessionDataEntry@resource://devtools/server/actors/targets/session-data-processors/resources.js:11:21
addSessionDataEntry@resource://devtools/server/actors/targets/target-actor-mixin.js:46:25
_addSessionDataEntry@resource://devtools/server/connectors/js-window-actor/DevToolsFrameChild.sys.mjs:530:24
receiveMessage@resource://devtools/server/connectors/js-window-actor/DevToolsFrameChild.sys.mjs:439:21
Line: 663, column: 0
console.error: ({})
SourceActor threw an exception: [Exception... "Failed to open input source 'moz-extension://6f884bf0-cec0-4704-92c3-f5905e5db030/config/config.js'"  nsresult: "0x805303f4 (<unknown>)"  location: "JS frame :: resource://devtools/shared/DevToolsUtils.js :: mainThreadFetch/< :: line 663"  data: yes]
Stack: mainThreadFetch/<@resource://devtools/shared/DevToolsUtils.js:663:15
mainThreadFetch@resource://devtools/shared/DevToolsUtils.js:516:10
_fetchURLContents@resource://devtools/server/actors/utils/sources-manager.js:446:22
urlContents@resource://devtools/server/actors/utils/sources-manager.js:410:17
_resurrectSource@resource://devtools/server/actors/thread.js:2154:35
addAllSources@resource://devtools/server/actors/thread.js:1486:14
watch@resource://devtools/server/actors/resources/sources.js:78:17
watchResources@resource://devtools/server/actors/resources/index.js:308:19
addSessionDataEntry@resource://devtools/server/actors/targets/session-data-processors/resources.js:11:21
addSessionDataEntry@resource://devtools/server/actors/targets/target-actor-mixin.js:46:25
_addSessionDataEntry@resource://devtools/server/connectors/js-window-actor/DevToolsFrameChild.sys.mjs:530:24
receiveMessage@resource://devtools/server/connectors/js-window-actor/DevToolsFrameChild.sys.mjs:439:21
Line: 663, column: 0
console.error: ({})
SourceActor threw an exception: [Exception... "Failed to open input source 'resource://gre/modules/ExtensionContent.jsm'"  nsresult: "0x805303f4 (<unknown>)"  location: "JS frame :: resource://devtools/shared/DevToolsUtils.js :: mainThreadFetch/< :: line 663"  data: yes]
Stack: mainThreadFetch/<@resource://devtools/shared/DevToolsUtils.js:663:15
mainThreadFetch@resource://devtools/shared/DevToolsUtils.js:516:10
_fetchURLContents@resource://devtools/server/actors/utils/sources-manager.js:446:22
urlContents@resource://devtools/server/actors/utils/sources-manager.js:410:17
_resurrectSource@resource://devtools/server/actors/thread.js:2154:35
addAllSources@resource://devtools/server/actors/thread.js:1486:14
watch@resource://devtools/server/actors/resources/sources.js:78:17
watchResources@resource://devtools/server/actors/resources/index.js:308:19
addSessionDataEntry@resource://devtools/server/actors/targets/session-data-processors/resources.js:11:21
addSessionDataEntry@resource://devtools/server/actors/targets/target-actor-mixin.js:46:25
_addSessionDataEntry@resource://devtools/server/connectors/js-window-actor/DevToolsFrameChild.sys.mjs:530:24
receiveMessage@resource://devtools/server/connectors/js-window-actor/DevToolsFrameChild.sys.mjs:439:21
Line: 663, column: 0
console.error: ({})
SourceActor threw an exception: [Exception... "Failed to open input source 'moz-extension://6f884bf0-cec0-4704-92c3-f5905e5db030/config/config.js'"  nsresult: "0x805303f4 (<unknown>)"  location: "JS frame :: resource://devtools/shared/DevToolsUtils.js :: mainThreadFetch/< :: line 663"  data: yes]
Stack: mainThreadFetch/<@resource://devtools/shared/DevToolsUtils.js:663:15
mainThreadFetch@resource://devtools/shared/DevToolsUtils.js:516:10
_fetchURLContents@resource://devtools/server/actors/utils/sources-manager.js:446:22
urlContents@resource://devtools/server/actors/utils/sources-manager.js:410:17
_resurrectSource@resource://devtools/server/actors/thread.js:2154:35
addAllSources@resource://devtools/server/actors/thread.js:1486:14
watch@resource://devtools/server/actors/resources/sources.js:78:17
watchResources@resource://devtools/server/actors/resources/index.js:308:19
addSessionDataEntry@resource://devtools/server/actors/targets/session-data-processors/resources.js:11:21
addSessionDataEntry@resource://devtools/server/actors/targets/target-actor-mixin.js:46:25
_addSessionDataEntry@resource://devtools/server/connectors/js-window-actor/DevToolsFrameChild.sys.mjs:530:24
receiveMessage@resource://devtools/server/connectors/js-window-actor/DevToolsFrameChild.sys.mjs:439:21
Line: 663, column: 0
console.error: ({})
SourceActor threw an exception: [Exception... "Failed to open input source 'resource://gre/modules/ExtensionContent.jsm'"  nsresult: "0x805303f4 (<unknown>)"  location: "JS frame :: resource://devtools/shared/DevToolsUtils.js :: mainThreadFetch/< :: line 663"  data: yes]
Stack: mainThreadFetch/<@resource://devtools/shared/DevToolsUtils.js:663:15
mainThreadFetch@resource://devtools/shared/DevToolsUtils.js:516:10
_fetchURLContents@resource://devtools/server/actors/utils/sources-manager.js:446:22
urlContents@resource://devtools/server/actors/utils/sources-manager.js:410:17
_resurrectSource@resource://devtools/server/actors/thread.js:2154:35
addAllSources@resource://devtools/server/actors/thread.js:1486:14
watch@resource://devtools/server/actors/resources/sources.js:78:17
watchResources@resource://devtools/server/actors/resources/index.js:308:19
addSessionDataEntry@resource://devtools/server/actors/targets/session-data-processors/resources.js:11:21
addSessionDataEntry@resource://devtools/server/actors/targets/target-actor-mixin.js:46:25
_addSessionDataEntry@resource://devtools/server/connectors/js-window-actor/DevToolsFrameChild.sys.mjs:530:24
receiveMessage@resource://devtools/server/connectors/js-window-actor/DevToolsFrameChild.sys.mjs:439:21
Line: 663, column: 0
console.error: ({})
SourceActor threw an exception: [Exception... "Failed to open input source 'moz-extension://6f884bf0-cec0-4704-92c3-f5905e5db030/config/config.js'"  nsresult: "0x805303f4 (<unknown>)"  location: "JS frame :: resource://devtools/shared/DevToolsUtils.js :: mainThreadFetch/< :: line 663"  data: yes]
Stack: mainThreadFetch/<@resource://devtools/shared/DevToolsUtils.js:663:15
mainThreadFetch@resource://devtools/shared/DevToolsUtils.js:516:10
_fetchURLContents@resource://devtools/server/actors/utils/sources-manager.js:446:22
urlContents@resource://devtools/server/actors/utils/sources-manager.js:410:17
_resurrectSource@resource://devtools/server/actors/thread.js:2154:35
addAllSources@resource://devtools/server/actors/thread.js:1486:14
watch@resource://devtools/server/actors/resources/sources.js:78:17
watchResources@resource://devtools/server/actors/resources/index.js:308:19
addSessionDataEntry@resource://devtools/server/actors/targets/session-data-processors/resources.js:11:21
addSessionDataEntry@resource://devtools/server/actors/targets/target-actor-mixin.js:46:25
_addSessionDataEntry@resource://devtools/server/connectors/js-window-actor/DevToolsFrameChild.sys.mjs:530:24
receiveMessage@resource://devtools/server/connectors/js-window-actor/DevToolsFrameChild.sys.mjs:439:21
Line: 663, column: 0
console.error: ({})
JavaScript error: resource://devtools/shared/DevToolsUtils.js, line 663: Failed to open input source 'resource://gre/modules/ExtensionContent.jsm'
JavaScript error: resource://devtools/shared/DevToolsUtils.js, line 663: Failed to open input source 'moz-extension://6f884bf0-cec0-4704-92c3-f5905e5db030/config/config.js'
JavaScript error: resource://devtools/shared/DevToolsUtils.js, line 663: Failed to open input source 'resource://gre/modules/ExtensionContent.jsm'
JavaScript error: resource://devtools/shared/DevToolsUtils.js, line 663: Failed to open input source 'moz-extension://6f884bf0-cec0-4704-92c3-f5905e5db030/config/config.js'
JavaScript error: resource://devtools/shared/DevToolsUtils.js, line 663: Failed to open input source 'resource://gre/modules/ExtensionContent.jsm'
JavaScript error: resource://devtools/shared/DevToolsUtils.js, line 663: Failed to open input source 'moz-extension://6f884bf0-cec0-4704-92c3-f5905e5db030/config/config.js'
JavaScript error: resource://devtools/shared/DevToolsUtils.js, line 663: Failed to open input source 'resource://gre/modules/ExtensionContent.jsm'
JavaScript error: resource://devtools/shared/DevToolsUtils.js, line 663: Failed to open input source 'moz-extension://6f884bf0-cec0-4704-92c3-f5905e5db030/config/config.js'
JavaScript error: resource://devtools/shared/DevToolsUtils.js, line 663: Failed to open input source 'resource://gre/modules/ExtensionContent.jsm'
JavaScript error: resource://devtools/shared/DevToolsUtils.js, line 663: Failed to open input source 'moz-extension://6f884bf0-cec0-4704-92c3-f5905e5db030/config/config.js'
JavaScript error: resource://devtools/shared/DevToolsUtils.js, line 663: Failed to open input source 'resource://gre/modules/ExtensionContent.jsm'
JavaScript error: resource://devtools/shared/DevToolsUtils.js, line 663: Failed to open input source 'moz-extension://6f884bf0-cec0-4704-92c3-f5905e5db030/config/config.js'
JavaScript error: resource://devtools/shared/DevToolsUtils.js, line 663: Failed to open input source 'resource://gre/modules/ExtensionContent.jsm'
JavaScript error: resource://devtools/shared/DevToolsUtils.js, line 663: Failed to open input source 'moz-extension://6f884bf0-cec0-4704-92c3-f5905e5db030/config/config.js'
JavaScript error: resource://devtools/shared/DevToolsUtils.js, line 663: Failed to open input source 'resource://gre/modules/ExtensionContent.jsm'
JavaScript error: resource://devtools/shared/DevToolsUtils.js, line 663: Failed to open input source 'moz-extension://6f884bf0-cec0-4704-92c3-f5905e5db030/config/config.js'
JavaScript error: resource://devtools/shared/DevToolsUtils.js, line 663: Failed to open input source 'resource://gre/modules/ExtensionContent.jsm'
JavaScript error: resource://devtools/shared/DevToolsUtils.js, line 663: Failed to open input source 'moz-extension://6f884bf0-cec0-4704-92c3-f5905e5db030/config/config.js'
JavaScript error: resource://gre/modules/AsyncShutdown.sys.mjs, line 576: NotFoundError: No such JSWindowActor 'DevToolsFrame'
JavaScript error: resource://gre/modules/AsyncShutdown.sys.mjs, line 576: NotFoundError: No such JSWindowActor 'DevToolsFrame'
JavaScript error: resource://gre/modules/AsyncShutdown.sys.mjs, line 576: NotFoundError: No such JSWindowActor 'DevToolsFrame'
JavaScript error: resource://gre/modules/AsyncShutdown.sys.mjs, line 576: NotFoundError: No such JSWindowActor 'DevToolsFrame'
JavaScript error: resource://gre/modules/AsyncShutdown.sys.mjs, line 576: NotFoundError: No such JSWindowActor 'DevToolsFrame'
JavaScript error: resource://gre/modules/AsyncShutdown.sys.mjs, line 576: NotFoundError: No such JSWindowActor 'DevToolsFrame'
JavaScript error: resource://gre/modules/AsyncShutdown.sys.mjs, line 576: NotFoundError: No such JSWindowActor 'DevToolsFrame'
JavaScript error: resource://gre/modules/AsyncShutdown.sys.mjs, line 576: NotFoundError: No such JSWindowActor 'DevToolsFrame'
JavaScript error: resource://gre/modules/AsyncShutdown.sys.mjs, line 576: NotFoundError: No such JSWindowActor 'DevToolsFrame'
JavaScript error: resource://gre/modules/AsyncShutdown.sys.mjs, line 576: NotFoundError: No such JSWindowActor 'DevToolsFrame'
JavaScript error: resource://gre/modules/AsyncShutdown.sys.mjs, line 576: NotFoundError: No such JSWindowActor 'DevToolsFrame'
1677739913454	Marionette	INFO	Stopped listening on port 61537
Dynamically enable window occlusion 1
onsole.error: Region.sys.mjs: "Failed to fetch region" (new Error("TIMEOUT", "resource://gre/modules/Region.sys.mjs", 416))
Extension error: TypeError: e is undefined moz-extension://5ce06db8-a373-4035-92d8-88db68b6a123/extensions.js 1
[[Exception stack
getCurrentTab/</<@moz-extension://5ce06db8-a373-4035-92d8-88db68b6a123/extensions.js:1:48140
Current stack
applySafeWithoutClone@resource://gre/modules/ExtensionCommon.jsm:633:13
wrapPromise/</<@resource://gre/modules/ExtensionCommon.jsm:829:20
withLastError@resource://gre/modules/ExtensionCommon.jsm:748:14
wrapPromise/<@resource://gre/modules/ExtensionCommon.jsm:817:16
]]
1677739908614	Marionette	INFO	Stopped listening on port 62614
Dynamically enable window occlusion 1
WARNING: A blocker encountered an error while we were waiting.
          Blocker:  TelemetryController: shutting down
          Phase: profile-before-change-telemetry
          State: Error getting state: Error: Phase "profile-before-change" is finished, it is too late to register completion condition "OS.File: flush I/O queued before profileBeforeChange" at addBlocker@resource://gre/modules/AsyncShutdown.sys.mjs:727:15
addBlocker@resource://gre/modules/AsyncShutdown.sys.mjs:523:26
addBlocker@resource://gre/modules/AsyncShutdown.sys.mjs:458:15
setupShutdown@resource://gre/modules/osfile/osfile_async_front.jsm:1548:28
@resource://gre/modules/osfile/osfile_async_front.jsm:1568:16
@resource://gre/modules/osfile.jsm:12:30
@resource://gre/modules/TelemetryStorage.sys.mjs:10:28
_checkPendingPings@resource://gre/modules/TelemetrySend.sys.mjs:863:17
setup@resource://gre/modules/TelemetrySend.sys.mjs:803:18
setup@resource://gre/modules/TelemetrySend.sys.mjs:241:30
setupTelemetry/this._delayedInitTask<@resource://gre/modules/TelemetryControllerParent.sys.mjs:829:36
observe@resource://gre/modules/AsyncShutdown.sys.mjs:576:16

WARNING: Error: Phase "profile-before-change" is finished, it is too late to register completion condition "OS.File: flush I/O queued before profileBeforeChange"
WARNING: addBlocker@resource://gre/modules/AsyncShutdown.sys.mjs:727:15
addBlocker@resource://gre/modules/AsyncShutdown.sys.mjs:523:26
addBlocker@resource://gre/modules/AsyncShutdown.sys.mjs:458:15
setupShutdown@resource://gre/modules/osfile/osfile_async_front.jsm:1548:28
@resource://gre/modules/osfile/osfile_async_front.jsm:1568:16
@resource://gre/modules/osfile.jsm:12:30
@resource://gre/modules/TelemetryStorage.sys.mjs:10:28
_checkPendingPings@resource://gre/modules/TelemetrySend.sys.mjs:863:17
setup@resource://gre/modules/TelemetrySend.sys.mjs:803:18
setup@resource://gre/modules/TelemetrySend.sys.mjs:241:30
setupTelemetry/this._delayedInitTask<@resource://gre/modules/TelemetryControllerParent.sys.mjs:829:36
observe@resource://gre/modules/AsyncShutdown.sys.mjs:576:16

JavaScript error: resource://gre/modules/AsyncShutdown.sys.mjs, line 727: Error: Phase "profile-before-change" is finished, it is too late to register completion condition "OS.File: flush I/O queued before profileBeforeChange"
JavaScript error: resource://gre/modules/AsyncShutdown.sys.mjs, line 727: Error: Phase "profile-before-change" is finished, it is too late to register completion condition "OS.File: flush I/O queued before profileBeforeChange"
JavaScript error: resource://gre/modules/AsyncShutdown.sys.mjs, line 727: Error: Phase "profile-before-change" is finished, it is too late to register completion condition "OS.File: flush I/O queued before profileBeforeChange"
1677751079745	geckodriver	INFO	Listening on 127.0.0.1:53463
1677751082713	mozrunner::runner	INFO	Running command: "C:\\Program Files\\Mozilla Firefox\\firefox.exe" "--marionette" "--remote-debugging-port" "53464" "--remote-allow-hosts" "localhost" "-no-remote" "-profile" "C:\\Users\\rverma3\\AppData\\Local\\Temp\\rust_mozprofileCu2bBZ"
1677751128172	geckodriver	INFO	Listening on 127.0.0.1:57090
1677751131088	mozrunner::runner	INFO	Running command: "C:\\Program Files\\Mozilla Firefox\\firefox.exe" "--marionette" "--remote-debugging-port" "57091" "--remote-allow-hosts" "localhost" "-no-remote" "-profile" "C:\\Users\\rverma3\\AppData\\Local\\Temp\\rust_mozprofilespSSMT"
console.warn: services.settings: Ignoring preference override of remote settings server
console.warn: services.settings: Allow by setting MOZ_REMOTE_SETTINGS_DEVTOOLS=1 in the environment
1677751131769	Marionette	INFO	Marionette enabled
Dynamically enable window occlusion 0
1677751131773	Marionette	INFO	Listening on port 57100
Read port: 57100
WebDriver BiDi listening on ws://127.0.0.1:57091
1677751132011	RemoteAgent	WARN	TLS certificate errors will be ignored for this session
console.warn: SearchSettings: "get: No settings file exists, new profile?" (new NotFoundError("Could not open the file at C:\\Users\\rverma3\\AppData\\Local\\Temp\\rust_mozprofilespSSMT\\search.json.mozlz4", (void 0)))
DevTools listening on ws://127.0.0.1:57091/devtools/browser/3d0209d8-b38b-4734-8db6-5de739c1db13
JavaScript warning: https://www.amazon.com/ line 1891 > injectedScript, line 1: WEBGL_debug_renderer_info is deprecated in Firefox and will be removed. Please use RENDERER.
JavaScript warning: https://m.media-amazon.com/images/I/71nXQyUSj0L.js?AUIClients/FWCIMAssets, line 289: WEBGL_debug_renderer_info is deprecated in Firefox and will be removed. Please use RENDERER.
1677755876570	Marionette	INFO	Stopped listening on port 57100
Dynamically enable window occlusion 1
1678267360052	geckodriver	INFO	Listening on 127.0.0.1:64611
1678267363161	mozrunner::runner	INFO	Running command: "C:\\Program Files\\Mozilla Firefox\\firefox.exe" "--marionette" "--remote-debugging-port" "64612" "--remote-allow-hosts" "localhost" "-no-remote" "-profile" "C:\\Users\\rverma3\\AppData\\Local\\Temp\\rust_mozprofileExWIbU"
console.warn: services.settings: Ignoring preference override of remote settings server
console.warn: services.settings: Allow by setting MOZ_REMOTE_SETTINGS_DEVTOOLS=1 in the environment
1678267364628	Marionette	INFO	Marionette enabled
Dynamically enable window occlusion 0
1678267364643	Marionette	INFO	Listening on port 64626
Read port: 64626
WebDriver BiDi listening on ws://127.0.0.1:64612
1678267364939	RemoteAgent	WARN	TLS certificate errors will be ignored for this session
console.warn: SearchSettings: "get: No settings file exists, new profile?" (new NotFoundError("Could not open the file at C:\\Users\\rverma3\\AppData\\Local\\Temp\\rust_mozprofileExWIbU\\search.json.mozlz4", (void 0)))
DevTools listening on ws://127.0.0.1:64612/devtools/browser/1c838952-dcbb-48ab-a054-573e33ff1dbe
JavaScript error: moz-extension://bba76212-bd12-407a-b3c1-a207fa0e8cf1/contentTrackerLoader.js, line 18: TypeError: t is undefined
1678267561623	Marionette	INFO	Stopped listening on port 64626
Dynamically enable window occlusion 1
1678327340412	geckodriver	INFO	Listening on 127.0.0.1:58231
1678327343468	mozrunner::runner	INFO	Running command: "C:\\Program Files\\Mozilla Firefox\\firefox.exe" "--marionette" "--remote-debugging-port" "58232" "--remote-allow-hosts" "localhost" "-no-remote" "-profile" "C:\\Users\\rverma3\\AppData\\Local\\Temp\\rust_mozprofileOmEjIY"
console.warn: services.settings: Ignoring preference override of remote settings server
console.warn: services.settings: Allow by setting MOZ_REMOTE_SETTINGS_DEVTOOLS=1 in the environment
1678327344499	Marionette	INFO	Marionette enabled
Dynamically enable window occlusion 0
1678327344510	Marionette	INFO	Listening on port 58239
Read port: 58239
WebDriver BiDi listening on ws://127.0.0.1:58232
1678327344754	RemoteAgent	WARN	TLS certificate errors will be ignored for this session
console.warn: SearchSettings: "get: No settings file exists, new profile?" (new NotFoundError("Could not open the file at C:\\Users\\rverma3\\AppData\\Local\\Temp\\rust_mozprofileOmEjIY\\search.json.mozlz4", (void 0)))
DevTools listening on ws://127.0.0.1:58232/devtools/browser/9ecf57bd-cf4f-420c-bfc3-bbfb181cbb44
JavaScript error: moz-extension://e0775b73-46f1-4eee-bfb7-a764e7c780ff/contentTrackerLoader.js, line 18: TypeError: t is undefined
console.warn: LoginRecipes: "Falling back to a synchronous message for: http://demostore.supersqa.com."
JavaScript error: moz-extension://e0775b73-46f1-4eee-bfb7-a764e7c780ff/contentTrackerLoader.js, line 18: TypeError: t is undefined
JavaScript error: moz-extension://e0775b73-46f1-4eee-bfb7-a764e7c780ff/contentTrackerLoader.js, line 18: TypeError: t is undefined
JavaScript error: moz-extension://e0775b73-46f1-4eee-bfb7-a764e7c780ff/contentTrackerLoader.js, line 18: TypeError: t is undefined
JavaScript error: moz-extension://e0775b73-46f1-4eee-bfb7-a764e7c780ff/contentTrackerLoader.js, line 18: TypeError: t is undefined
JavaScript error: moz-extension://e0775b73-46f1-4eee-bfb7-a764e7c780ff/contentTrackerLoader.js, line 18: TypeError: t is undefined
JavaScript error: moz-extension://e0775b73-46f1-4eee-bfb7-a764e7c780ff/contentTrackerLoader.js, line 18: TypeError: t is undefined
JavaScript error: moz-extension://e0775b73-46f1-4eee-bfb7-a764e7c780ff/contentTrackerLoader.js, line 18: TypeError: t is undefined
JavaScript error: moz-extension://e0775b73-46f1-4eee-bfb7-a764e7c780ff/contentTrackerLoader.js, line 18: TypeError: t is undefined
JavaScript error: moz-extension://e0775b73-46f1-4eee-bfb7-a764e7c780ff/contentTrackerLoader.js, line 18: TypeError: t is undefined
JavaScript error: moz-extension://e0775b73-46f1-4eee-bfb7-a764e7c780ff/contentTrackerLoader.js, line 18: TypeError: t is undefined
JavaScript error: resource://gre/modules/AsyncShutdown.sys.m1678327924616	mozrunner::runner	INFO	Running command: "C:\\Program Files\\Mozilla Firefox\\firefox.exe" "--marionette" "--remote-debugging-port" "61088" "--remote-allow-hosts" "localhost" "-no-remote" "-profile" "C:\\Users\\rverma3\\AppData\\Local\\Temp\\rust_mozprofile2Pcukn"
console.warn: services.settings: Ignoring preference override of remote settings server
console.warn: services.settings: Allow by setting MOZ_REMOTE_SETTINGS_DEVTOOLS=1 in the environment
1678327925198	Marionette	INFO	Marionette enabled
Dynamically enable window occlusion 0
1678327925205	Marionette	INFO	Listening on port 61097
Read port: 61097
WebDriver BiDi listening on ws://127.0.0.1:61088
1678327925668	RemoteAgent	WARN	TLS certificate errors will be ignored for this session
console.warn: SearchSettings: "get: No settings file exists, new profile?" (new NotFoundError("Could not open the file at C:\\Users\\rverma3\\AppData\\Local\\Temp\\rust_mozprofile2Pcukn\\search.json.mozlz4", (void 0)))
DevTools listening on ws://127.0.0.1:61088/devtools/browser/0554d9c1-7a6e-48dc-80b2-9f1fc54bdf8d
console.warn: LoginRecipes: "Falling back to a synchronous message for: http://demostore.supersqa.com."
console.warn: LoginRecipes: "Falling back to a synchronous message for: http://demostore.supersqa.com."
JavaScript error: moz-extension://29ac37d4-d4d1-4e35-8637-a6a64e5a7fa0/contentTrackerLoader.js, line 18: TypeError: t is undefined
1678328026770	Marionette	INFO	Stopped listening on port 61097
Dynamically enable window occlusion 1
1678328981284	geckodriver	INFO	Listening on 127.0.0.1:49807
1678328984246	mozrunner::runner	INFO	Running command: "C:\\Program Files\\Mozilla Firefox\\firefox.exe" "--marionette" "--remote-debugging-port" "49808" "--remote-allow-hosts" "localhost" "-no-remote" "-profile" "C:\\Users\\rverma3\\AppData\\Local\\Temp\\rust_mozprofileCdUOaW"
console.warn: services.settings: Ignoring preference override of remote settings server
console.warn: services.settings: Allow by setting MOZ_REMOTE_SETTINGS_DEVTOOLS=1 in the environment
1678328985070	Marionette	INFO	Marionette enabled
Dynamically enable window occlusion 0
1678328985087	Marionette	INFO	Listening on port 49818
Read port: 49818
WebDriver BiDi listening on ws://127.0.0.1:49808
1678328985387	RemoteAgent	WARN	TLS certificate errors will be ignored for this session
console.warn: SearchSettings: "get: No settings file exists, new profile?" (new NotFoundError("Could not open the file at C:\\Users\\rverma3\\AppData\\Local\\Temp\\rust_mozprofileCdUOaW\\search.json.mozlz4", (void 0)))
DevTools listening on ws://127.0.0.1:49808/devtools/browser/46815aa5-0163-4940-a00c-8b6a2b491981
console.warn: LoginRecipes: "Falling back to a synchronous message for: http://demostore.supersqa.com."
console.warn: LoginRecipes: "Falling back to a synchronous message for: http://demostore.supersqa.com."
console.warn: LoginRecipes: "Falling back to a synchronous message for: http://demostore.supersqa.com."
console.warn: LoginRecipes: "Falling back to a synchronous message for: http://demostore.supersqa.com."
1678329039800	Marionette	INFO	Stopped listening on port 49818
Dynamically enable window occlusion 1
ng command: "C:\\Program Files\\Mozilla Firefox\\firefox.exe" "--marionette" "--remote-debugging-port" "49947" "--remote-allow-hosts" "localhost" "-no-remote" "-profile" "C:\\Users\\rverma3\\AppData\\Local\\Temp\\rust_mozprofilejpaBPK"
console.warn: services.settings: Ignoring preference override of remote settings server
console.warn: services.settings: Allow by setting MOZ_REMOTE_SETTINGS_DEVTOOLS=1 in the environment
1678329040714	Marionette	INFO	Marionette enabled
Dynamically enable window occlusion 0
1678329040724	Marionette	INFO	Listening on port 49957
Read port: 49957
WebDriver BiDi listening on ws://127.0.0.1:49947
1678329040972	RemoteAgent	WARN	TLS certificate errors will be ignored for this session
console.warn: SearchSettings: "get: No settings file exists, new profile?" (new NotFoundError("Could not open the file at C:\\Users\\rverma3\\AppData\\Local\\Temp\\rust_mozprofilejpaBPK\\search.json.mozlz4", (void 0)))
DevTools listening on ws://127.0.0.1:49947/devtools/browser/d98a6d4a-a0a2-433f-9647-284ab8964aad
console.warn: LoginRecipes: "Falling back to a synchronous message for: http://demostore.supersqa.com."
console.warn: LoginRecipes: "Falling back to a synchronous message for: http://demostore.supersqa.com."
console.warn: LoginRecipes: "Falling back to a synchronous message for: http://demostore.supersqa.com."
console.warn: LoginRecipes: "Falling back to a synchronous message for: http://demostore.supersqa.com."
1678329351154	Marionette	INFO	Stopped listening on port 49957
Dynamically enable window occlusion 1
1678330651110	geckodriver	INFO	Listening on 127.0.0.1:50553
1678330654174	mozrunner::runner	INFO	Running command: "C:\\Program Files\\Mozilla Firefox\\firefox.exe" "--marionette" "--remote-debugging-port" "50554" "--remote-allow-hosts" "localhost" "-no-remote" "-profile" "C:\\Users\\rverma3\\AppData\\Local\\Temp\\rust_mozprofile0A7if6"
console.warn: services.settings: Ignoring preference override of remote settings server
console.warn: services.settings: Allow by setting MOZ_REMOTE_SETTINGS_DEVTOOLS=1 in the environment
1678330655287	Marionette	INFO	Marionette enabled
Dynamically enable window occlusion 0
1678330655297	Marionette	INFO	Listening on port 50568
Read port: 50568
WebDriver BiDi listening on ws://127.0.0.1:50554
1678330655549	RemoteAgent	WARN	TLS certificate errors will be ignored for this session
console.warn: SearchSettings: "get: No settings file exists, new profile?" (new NotFoundError("Could not open the file at C:\\Users\\rverma3\\AppData\\Local\\Temp\\rust_mozprofile0A7if6\\search.json.mozlz4", (void 0)))
DevTools listening on ws://127.0.0.1:50554/devtools/browser/f0d2361f-3c3f-4076-8509-f91a9f45ee52
1678330665326	Marionette	INFO	Stopped listening on port 50568
Dynamically enable window occlusion 1
!!! error running onStopped callback: TypeError: callback is not a function
1678330721369	geckodriver	INFO	Listening on 127.0.0.1:50657
1678330724429	mozrunner::runner	INFO	Running command: "C:\\Program Files\\Mozilla Firefox\\firefox.exe" "--marionette" "--remote-debugging-port" "50658" "--remote-allow-hosts" "localhost" "-no-remote" "-profile" "C:\\Users\\rverma3\\AppData\\Local\\Temp\\rust_mozprofilewH46l5"
console.warn: services.settings: Ignoring preference override of remote settings server
console.warn: services.settings: Allow by setting MOZ_REMOTE_SETTINGS_DEVTOOLS=1 in the environment
1678330725329	Marionette	INFO	Marionette enabled
Dynamically enable window occlusion 0
1678330725343	Marionette	INFO	Listening on port 50672
Read port: 50672
WebDriver BiDi listening on ws://127.0.0.1:50658
1678330725700	RemoteAgent	WARN	TLS certificate errors will be ignored for this session
console.warn: SearchSettings: "get: No settings file exists, new profile?" (new NotFoundError("Could not open the file at C:\\Users\\rverma3\\AppData\\Local\\Temp\\rust_mozprofilewH46l5\\search.json.mozlz4", (void 0)))
DevTools listening on ws://127.0.0.1:50658/devtools/browser/670ac203-7d57-409f-ab78-fe312f63fd78
JavaScript error: resource://gre/modules/AsyncShutdown.sys.mjs, line 576: NotFoundError: No such JSWindowActor 'DevToolsFrame'
1678331287296	Marionette	INFO	Stopped listening on port 50672
Dynamically enable window occlusion 1
osts" "localhost" "-no-remote" "-profile" "C:\\Users\\rverma3\\AppData\\Local\\Temp\\rust_mozprofilecvuMzw"
console.warn: services.settings: Ignoring preference override of remote settings server
console.warn: services.settings: Allow by setting MOZ_REMOTE_SETTINGS_DEVTOOLS=1 in the environment
1678330875747	Marionette	INFO	Marionette enabled
Dynamically enable window occlusion 0
1678330875764	Marionette	INFO	Listening on port 58504
Read port: 58504
WebDriver BiDi listening on ws://127.0.0.1:58489
1678330876113	RemoteAgent	WARN	TLS certificate errors will be ignored for this session
console.warn: SearchSettings: "get: No settings file exists, new profile?" (new NotFoundError("Could not open the file at C:\\Users\\rverma3\\AppData\\Local\\Temp\\rust_mozprofilecvuMzw\\search.json.mozlz4", (void 0)))
DevTools listening on ws://127.0.0.1:58489/devtools/browser/c1c82911-a008-492f-bf3f-4b2966886fe9
1678330888861	Marionette	INFO	Stopped listening on port 58504
Dynamically enable window occlusion 1
1678331012752	geckodriver	INFO	Listening on 127.0.0.1:58647
1678331015715	mozrunner::runner	INFO	Running command: "C:\\Program Files\\Mozilla Firefox\\firefox.exe" "--marionette" "--remote-debugging-port" "58648" "--remote-allow-hosts" "localhost" "-no-remote" "-profile" "C:\\Users\\rverma3\\AppData\\Local\\Temp\\rust_mozprofileKqbhb4"
console.warn: services.settings: Ignoring preference override of remote settings server
console.warn: services.settings: Allow by setting MOZ_REMOTE_SETTINGS_DEVTOOLS=1 in the environment
1678331016334	Marionette	INFO	Marionette enabled
Dynamically enable window occlusion 0
1678331016341	Marionette	INFO	Listening on port 58661
Read port: 58661
WebDriver BiDi listening on ws://127.0.0.1:58648
1678331016584	RemoteAgent	WARN	TLS certificate errors will be ignored for this session
console.warn: SearchSettings: "get: No settings file exists, new profile?" (new NotFoundError("Could not open the file at C:\\Users\\rverma3\\AppData\\Local\\Temp\\rust_mozprofileKqbhb4\\search.json.mozlz4", (void 0)))
DevTools listening on ws://127.0.0.1:58648/devtools/browser/c100640c-c9ec-4133-95dc-60f247a0303c
1678331025437	Marionette	INFO	Stopped listening on port 58661
Dynamically enable window occlusion 1
!!! error running onStopped callback: TypeError: callback is not a function
1678331206316	geckodriver	INFO	Listening on 127.0.0.1:58837
1678331209155	mozrunner::runner	INFO	Running command: "C:\\Program Files\\Mozilla Firefox\\firefox.exe" "--marionette" "--remote-debugging-port" "58838" "--remote-allow-hosts" "localhost" "-no-remote" "-profile" "C:\\Users\\rverma3\\AppData\\Local\\Temp\\rust_mozprofile03eiZG"
console.warn: services.settings: Ignoring preference override of remote settings server
console.warn: services.settings: Allow by setting MOZ_REMOTE_SETTINGS_DEVTOOLS=1 in the environment
1678331209723	Marionette	INFO	Marionette enabled
Dynamically enable window occlusion 0
1678331209730	Marionette	INFO	Listening on port 58850
Read port: 58850
WebDriver BiDi listening on ws://127.0.0.1:58838
1678331209928	RemoteAgent	WARN	TLS certificate errors will be ignored for this session
console.warn: SearchSettings: "get: No settings file exists, new profile?" (new NotFoundError("Could not open the file at C:\\Users\\rverma3\\AppData\\Local\\Temp\\rust_mozprofile03eiZG\\search.json.mozlz4", (void 0)))
DevTools listening on ws://127.0.0.1:58838/devtools/browser/f38a495b-e2c6-43a3-921c-060c0c15231e
1678331214901	Marionette	INFO	Stopped listening on port 58850
Dynamically enable window occlusion 1
console.error: services.settings: 
  main/query-stripping Signature failed  TypeError: NetworkError: Network request failed
JavaScript error: chrome://remote/content/marionette/cert.sys.mjs, line 51: NS_ERROR_NOT_AVAILABLE: Component returned failure code: 0x80040111 (NS_ERROR_NOT_AVAILABLE) [nsICertOverrideService.setDisableAllSecurityChecksAndLetAttackersInterceptMyData]
!!! error running onStopped callback: TypeError: callback is not a function
1678331214959	RemoteAgent	ERROR	unable to stop listener: [Exception... "Component returned failure code: 0x80040111 (NS_ERROR_NOT_AVAILABLE) [nsICertOverrideService.setDisableAllSecurityChecksAndLetAttackersInterceptMyData]"  nsresult: "0x80040111 (NS_ERROR_NOT_AVAILABLE)"  location: "JS frame :: chrome://remote/content/marionette/cert.sys.mjs :: allowAllCerts.disable :: line 51"  data: no] Stack trace: allowAllCerts.disable()@sys.mjs:51
destroy()@sys.mjs:207
deleteSession()@sys.mjs:142
stop()@sys.mjs:229
console.error: (new NetworkError("Network error: TypeError: NetworkError: Network request failed", "resource://services-settings/RemoteSettingsClient.jsm", 116))
1678331252441	geckodriver	INFO	Listening on 127.0.0.1:58901
1678331255079	mozrunner::runner	INFO	Running command: "C:\\Program Files\\Mozilla Firefox\\firefox.exe" "--marionette" "--remote-debugging-port" "58902" "--remote-allow-hosts" "localhost" "-no-remote" "-profile" "C:\\Users\\rverma3\\AppData\\Local\\Temp\\rust_mozprofileBh8orb"
console.warn: services.settings: Ignoring preference override of remote settings server
console.warn: services.settings: Allow by setting MOZ_REMOTE_SETTINGS_DEVTOOLS=1 in the environment
1678331255666	Marionette	INFO	Marionette enabled
Dynamically enable window occlusion 0
1678331255672	Marionette	INFO	Listening on port 58914
Read port: 58914
WebDriver BiDi listening on ws://127.0.0.1:58902
1678331255902	RemoteAgent	WARN	TLS certificate errors will be ignored for this session
console.warn: SearchSettings: "get: No settings file exists, new profile?" (new NotFoundError("Could not open the file at C:\\Users\\rverma3\\AppData\\Local\\Temp\\rust_mozprofileBh8orb\\search.json.mozlz4", (void 0)))
DevTools listening on ws://127.0.0.1:58902/devtools/browser/206ad51b-f2ca-44d2-a0c5-613d71386e6b
1678331285737	Marionette	INFO	Stopped listening on port 58914
Dynamically enable window occlusion 1
1678331318058	geckodriver	INFO	Listening on 127.0.0.1:59015
1678331321054	mozrunner::runner	INFO	Running command: "C:\\Program Files\\Mozilla Firefox\\firefox.exe" "--marionette" "--remote-debugging-port" "59016" "--remote-allow-hosts" "localhost" "-no-remote" "-profile" "C:\\Users\\rverma3\\AppData\\Local\\Temp\\rust_mozprofile5iBmGK"
console.warn: services.settings: Ignoring preference override of remote settings server
console.warn: services.settings: Allow by setting MOZ_REMOTE_SETTINGS_DEVTOOLS=1 in the environment
1678331321656	Marionette	INFO	Marionette enabled
Dynamically enable window occlusion 0
1678331321662	Marionette	INFO	Listening on port 59027
Read port: 59027
WebDriver BiDi listening on ws://127.0.0.1:59016
1678331321873	RemoteAgent	WARN	TLS certificate errors will be ignored for this session
console.warn: SearchSettings: "get: No settings file exists, new profile?" (new NotFoundError("Could not open the file at C:\\Users\\rverma3\\AppData\\Local\\Temp\\rust_mozprofile5iBmGK\\search.json.mozlz4", (void 0)))
DevTools listening on ws://127.0.0.1:59016/devtools/browser/c32f6d52-f1fd-459b-9f3e-8905e61c3e56
1678331335503	Marionette	INFO	Stopped listening on port 59027
Dynamically enable window occlusion 1
[Parent 55004, IPC I/O Parent] WARNING: DuplicateHandle failed for handle 0 in TransferHandles: file /builds/worker/checkouts/gecko/ipc/chromium/src/chrome/common/ipc_channel_win.cc:777
